2018-07-17T15:57:49+00:00 DEBUG 
====Stripe Version: 4.1.7====
====Start Log====
Keys are not set correctly.
====End Log====


2018-07-17T16:01:13+00:00 DEBUG 
====Stripe Version: 4.1.7====
====Start Log====
Keys are not set correctly.
====End Log====


2018-07-17T16:01:32+00:00 DEBUG 
====Stripe Version: 4.1.7====
====Start Log====
Keys are not set correctly.
====End Log====


2018-07-17T16:01:57+00:00 DEBUG 
====Stripe Version: 4.1.7====
====Start Log====
Keys are not set correctly.
====End Log====


2018-07-17T16:02:01+00:00 DEBUG 
====Stripe Version: 4.1.7====
====Start Log====
Keys are not set correctly.
====End Log====


2018-07-17T16:02:32+00:00 DEBUG 
====Stripe Version: 4.1.7====
====Start Log====
Keys are not set correctly.
====End Log====


2018-07-17T16:02:35+00:00 DEBUG 
====Stripe Version: 4.1.7====
====Start Log====
Keys are not set correctly.
====End Log====


2018-07-17T16:04:03+00:00 DEBUG 
====Stripe Version: 4.1.7====
====Start Log====
Keys are not set correctly.
====End Log====


2018-07-17T16:04:08+00:00 DEBUG 
====Stripe Version: 4.1.7====
====Start Log====
Keys are not set correctly.
====End Log====


2018-07-17T16:05:13+00:00 DEBUG 
====Stripe Version: 4.1.7====
====Start Log====
Keys are not set correctly.
====End Log====


2018-07-17T16:05:17+00:00 DEBUG 
====Stripe Version: 4.1.7====
====Start Log====
Keys are not set correctly.
====End Log====


2018-07-17T16:05:34+00:00 DEBUG 
====Stripe Version: 4.1.7====
====Start Log====
Keys are not set correctly.
====End Log====


2018-07-17T16:05:47+00:00 DEBUG 
====Stripe Version: 4.1.7====
====Start Log====
Keys are not set correctly.
====End Log====


2018-07-17T16:10:20+00:00 DEBUG 
====Stripe Version: 4.1.7====
====Start Log====
Keys are not set correctly.
====End Log====


