2018-07-11T02:26:34+00:00 DEBUG 
====Stripe Version: 4.1.7====
====Start Log====
Keys are not set correctly.
====End Log====


2018-07-11T02:28:28+00:00 DEBUG 
====Stripe Version: 4.1.7====
====Start Log====
Keys are not set correctly.
====End Log====


2018-07-11T02:29:21+00:00 DEBUG 
====Stripe Version: 4.1.7====
====Start Log====
Keys are not set correctly.
====End Log====


2018-07-11T03:35:51+00:00 DEBUG 
====Stripe Version: 4.1.7====
====Start Log====
Keys are not set correctly.
====End Log====


2018-07-11T03:36:05+00:00 DEBUG 
====Stripe Version: 4.1.7====
====Start Log====
Keys are not set correctly.
====End Log====


2018-07-11T03:36:51+00:00 DEBUG 
====Stripe Version: 4.1.7====
====Start Log====
Keys are not set correctly.
====End Log====


2018-07-11T03:37:55+00:00 DEBUG 
====Stripe Version: 4.1.7====
====Start Log====
Keys are not set correctly.
====End Log====


2018-07-11T03:38:24+00:00 DEBUG 
====Stripe Version: 4.1.7====
====Start Log====
Keys are not set correctly.
====End Log====


2018-07-11T10:55:23+00:00 DEBUG 
====Stripe Version: 4.1.7====
====Start Log====
Keys are not set correctly.
====End Log====


2018-07-11T10:55:43+00:00 DEBUG 
====Stripe Version: 4.1.7====
====Start Log====
Keys are not set correctly.
====End Log====


2018-07-11T10:56:34+00:00 DEBUG 
====Stripe Version: 4.1.7====
====Start Log====
Keys are not set correctly.
====End Log====


2018-07-11T10:57:50+00:00 DEBUG 
====Stripe Version: 4.1.7====
====Start Log====
Keys are not set correctly.
====End Log====


2018-07-11T17:08:25+00:00 DEBUG 
====Stripe Version: 4.1.7====
====Start Log====
Keys are not set correctly.
====End Log====


